2024-03-30_19:37:53 acc_loss 0 1202.6305448404948
2024-03-30_19:41:30 acc_loss 1 1192.9676334635417
2024-03-30_19:45:12 acc_loss 2 1190.3524792480468
2024-03-30_19:48:50 acc_loss 3 1188.1448659261068
2024-03-30_19:52:31 acc_loss 4 1186.3829602050782
2024-03-30_19:56:11 acc_loss 5 1185.0383170572916
2024-03-30_19:59:48 acc_loss 6 1184.077384033203
2024-03-30_20:03:27 acc_loss 7 1183.3603932698568
2024-03-30_20:07:03 acc_loss 8 1182.7912892659506
2024-03-30_20:10:45 acc_loss 9 1182.3352172851562
2024-03-30_20:14:27 acc_loss 10 1181.982734375
2024-03-30_20:18:05 acc_loss 11 1181.6145802815756
2024-03-30_20:21:38 acc_loss 12 1181.2709594726562
2024-03-30_20:25:11 acc_loss 13 1180.9379024251302
2024-03-30_20:28:53 acc_loss 14 1180.632455037435
2024-03-30_20:32:26 acc_loss 15 1180.3472279866537
2024-03-30_20:35:55 acc_loss 16 1180.094296468099
2024-03-30_20:39:29 acc_loss 17 1179.895190633138
2024-03-30_20:43:04 acc_loss 18 1179.629013264974
2024-03-30_20:46:44 acc_loss 19 1179.494937133789
2024-03-30_20:50:24 acc_loss 20 1179.2934987386068
2024-03-30_20:53:59 acc_loss 21 1179.1481475830078
2024-03-30_20:57:40 acc_loss 22 1178.9686486816406
2024-03-30_21:01:21 acc_loss 23 1178.8467496744793
2024-03-30_21:05:03 acc_loss 24 1178.7480145263671
2024-03-30_21:05:03 wrote epoch_0025_train_input.png
2024-03-30_21:05:03 wrote epoch_0025_train_output.png
2024-03-30_21:05:03 wrote epoch_0025_train_output_mean.png
2024-03-30_21:05:03 wrote epoch_0025_input.png
2024-03-30_21:05:03 wrote epoch_0025_output.png
2024-03-30_21:05:03 wrote epoch_0025_output_mean.png
2024-03-30_21:05:03 wrote epoch_0025_synth.png
2024-03-30_21:05:03 wrote epoch_0025_synth_mean.png
2024-03-30_21:08:39 acc_loss 25 1178.6120021565755
2024-03-30_21:12:09 acc_loss 26 1178.4144177246094
2024-03-30_21:15:40 acc_loss 27 1178.3757220458983
2024-03-30_21:19:10 acc_loss 28 1178.268074951172
2024-03-30_21:22:52 acc_loss 29 1178.1944793701173
2024-03-30_21:26:26 acc_loss 30 1178.0119643147787
2024-03-30_21:29:55 acc_loss 31 1177.948770345052
2024-03-30_21:33:25 acc_loss 32 1177.8526938883463
2024-03-30_21:36:57 acc_loss 33 1177.801176961263
2024-03-30_21:40:39 acc_loss 34 1177.7054962158204
2024-03-30_21:44:18 acc_loss 35 1177.6933024088542
2024-03-30_21:47:47 acc_loss 36 1177.5601529947917
2024-03-30_21:51:18 acc_loss 37 1177.4610506184895
2024-03-30_21:54:51 acc_loss 38 1177.3514829508463
2024-03-30_21:58:28 acc_loss 39 1177.384594930013
2024-03-30_22:02:04 acc_loss 40 1177.3346877034505
2024-03-30_22:05:35 acc_loss 41 1177.2842869059245
2024-03-30_22:09:09 acc_loss 42 1177.2227213541667
2024-03-30_22:12:44 acc_loss 43 1177.1591446940104
2024-03-30_22:16:16 acc_loss 44 1177.060786743164
2024-03-30_22:19:55 acc_loss 45 1177.0889465332032
2024-03-30_22:23:28 acc_loss 46 1176.9929958089192
2024-03-30_22:26:52 acc_loss 47 1176.9048105875652
2024-03-30_22:30:23 acc_loss 48 1176.8725213623047
2024-03-30_22:33:53 acc_loss 49 1176.9125441487631
2024-03-30_22:33:53 wrote epoch_0050_train_input.png
2024-03-30_22:33:53 wrote epoch_0050_train_output.png
2024-03-30_22:33:53 wrote epoch_0050_train_output_mean.png
2024-03-30_22:33:53 wrote epoch_0050_input.png
2024-03-30_22:33:53 wrote epoch_0050_output.png
2024-03-30_22:33:54 wrote epoch_0050_output_mean.png
2024-03-30_22:33:54 wrote epoch_0050_synth.png
2024-03-30_22:33:54 wrote epoch_0050_synth_mean.png
2024-03-30_22:37:37 acc_loss 50 1176.8189239501953
2024-03-30_22:41:04 acc_loss 51 1176.8008060709635
2024-03-30_22:44:35 acc_loss 52 1176.7301411946614
2024-03-30_22:48:05 acc_loss 53 1176.6604862467448
2024-03-30_22:51:39 acc_loss 54 1176.6859810384115
2024-03-30_22:55:19 acc_loss 55 1176.6387050374349
2024-03-30_22:58:50 acc_loss 56 1176.6258435058594
2024-03-30_23:02:22 acc_loss 57 1176.5139294433593
2024-03-30_23:05:52 acc_loss 58 1176.5900571695963
2024-03-30_23:09:22 acc_loss 59 1176.5120920817058
2024-03-30_23:13:05 acc_loss 60 1176.485653076172
2024-03-30_23:16:40 acc_loss 61 1176.4534436035156
2024-03-30_23:20:10 acc_loss 62 1176.3651839192707
2024-03-30_23:23:41 acc_loss 63 1176.3471995035807
2024-03-30_23:27:14 acc_loss 64 1176.3237528483073
2024-03-30_23:30:50 acc_loss 65 1176.2719771321615
2024-03-30_23:34:25 acc_loss 66 1176.2896244303386
2024-03-30_23:37:52 acc_loss 67 1176.2326529947916
2024-03-30_23:41:22 acc_loss 68 1176.2005029296874
2024-03-30_23:44:50 acc_loss 69 1176.1615983072916
2024-03-30_23:48:31 acc_loss 70 1176.1493697102865
2024-03-30_23:52:08 acc_loss 71 1176.0853055826824
2024-03-30_23:55:38 acc_loss 72 1176.12013671875
2024-03-30_23:58:38 acc_loss 73 1176.075986735026
2024-03-31_00:01:22 acc_loss 74 1176.0325207519531
2024-03-31_00:01:22 wrote epoch_0075_train_input.png
2024-03-31_00:01:22 wrote epoch_0075_train_output.png
2024-03-31_00:01:22 wrote epoch_0075_train_output_mean.png
2024-03-31_00:01:22 wrote epoch_0075_input.png
2024-03-31_00:01:22 wrote epoch_0075_output.png
2024-03-31_00:01:22 wrote epoch_0075_output_mean.png
2024-03-31_00:01:22 wrote epoch_0075_synth.png
2024-03-31_00:01:22 wrote epoch_0075_synth_mean.png
2024-03-31_00:04:14 acc_loss 75 1176.020204671224
2024-03-31_00:06:52 acc_loss 76 1175.9896720377603
2024-03-31_00:09:40 acc_loss 77 1175.9855446370443
2024-03-31_00:12:19 acc_loss 78 1175.9366044108074
2024-03-31_00:14:58 acc_loss 79 1175.874946899414
2024-03-31_00:17:30 acc_loss 80 1175.9089170328775
2024-03-31_00:20:20 acc_loss 81 1175.834219970703
2024-03-31_00:22:57 acc_loss 82 1175.8381461588542
2024-03-31_00:25:45 acc_loss 83 1175.78961324056
2024-03-31_00:28:19 acc_loss 84 1175.8556235758463
2024-03-31_00:31:04 acc_loss 85 1175.809667561849
2024-03-31_00:33:50 acc_loss 86 1175.7527732340495
2024-03-31_00:36:29 acc_loss 87 1175.7240032958985
2024-03-31_00:39:11 acc_loss 88 1175.7128560384115
2024-03-31_00:41:50 acc_loss 89 1175.7328035481771
2024-03-31_00:44:40 acc_loss 90 1175.7139689127605
2024-03-31_00:47:27 acc_loss 91 1175.6694753011068
2024-03-31_00:50:11 acc_loss 92 1175.633764444987
2024-03-31_00:52:53 acc_loss 93 1175.6429420979819
2024-03-31_00:55:27 acc_loss 94 1175.6266662597657
2024-03-31_00:58:21 acc_loss 95 1175.5945642089844
2024-03-31_01:01:11 acc_loss 96 1175.5683823649088
2024-03-31_01:03:46 acc_loss 97 1175.5654801432293
2024-03-31_01:06:37 acc_loss 98 1175.5373130289713
2024-03-31_01:09:28 acc_loss 99 1175.5606778971355
2024-03-31_01:09:28 wrote epoch_0100_train_input.png
2024-03-31_01:09:28 wrote epoch_0100_train_output.png
2024-03-31_01:09:28 wrote epoch_0100_train_output_mean.png
2024-03-31_01:09:28 wrote epoch_0100_input.png
2024-03-31_01:09:28 wrote epoch_0100_output.png
2024-03-31_01:09:28 wrote epoch_0100_output_mean.png
2024-03-31_01:09:28 wrote epoch_0100_synth.png
2024-03-31_01:09:28 wrote epoch_0100_synth_mean.png
